Build started 8/17/2015 6:00:39 PM.
     1>Project "C:\Temp\practice1\practice1-devtools\src\practice1.vcxproj" on node 2 (rebuild target(s)).
     1>_PrepareForClean:
         Deleting file "practice1.dir\Debug\practice1.lastbuildstate".
       InitializeBuildStatus:
         Creating "practice1.dir\Debug\practice1.unsuccessfulbuild" because "AlwaysCreate" was specified.
       CustomBuild:
         Building Custom Rule C:/Temp/practice1/practice1-devtools/src/CMakeLists.txt
         CMake does not need to re-run because C:\Temp\practice1\practice1-devtools\src\CMakeFiles\generate.stamp is up-to-date.
       ClCompile:
         C:\Program Files (x86)\Microsoft Visual Studio 10.0\VC\bin\x86_amd64\CL.exe /c /I"C:/Temp/practice1/practice1-devtools/include" /I"C:/Temp/practice1/practice1-devtools/3rdparty" /I"C:/OpenCV-2.4.11/opencv/build/include" /I"C:/OpenCV-2.4.11/opencv/build/include/opencv" /Zi /nologo /W3 /WX- /Od /Ob0 /D WIN32 /D _WINDOWS /D _DEBUG /D "CMAKE_INTDIR=\"Debug\"" /D _MBCS /Gm- /EHsc /RTC1 /MDd /GS /fp:precise /Zc:wchar_t /Zc:forScope /GR /Fo"practice1.dir\Debug\\" /Fd"C:/Temp/practice1/practice1-devtools/lib/Debug/practice1.pdb" /Gd /TP /errorReport:prompt filters_factory.cpp filters_Grishin_Sergey.cpp filters_opencv.cpp matrix.cpp
         filters_factory.cpp
         filters_Grishin_Sergey.cpp
         filters_opencv.cpp
         matrix.cpp
         Generating Code...
       Lib:
         C:\Program Files (x86)\Microsoft Visual Studio 10.0\VC\bin\x86_amd64\Lib.exe /OUT:"C:\Temp\practice1\practice1-devtools\lib\Debug\practice1.lib" /NOLOGO practice1.dir\Debug\filters_factory.obj
         practice1.dir\Debug\filters_Grishin_Sergey.obj
         practice1.dir\Debug\filters_opencv.obj
         practice1.dir\Debug\matrix.obj
     1>filters_Grishin_Sergey.obj : warning LNK4221: This object file does not define any previously undefined public symbols, so it will not be used by any link operation that consumes this library
         practice1.vcxproj -> C:\Temp\practice1\practice1-devtools\lib\Debug\practice1.lib
       FinalizeBuildStatus:
         Deleting file "practice1.dir\Debug\practice1.unsuccessfulbuild".
         Touching "practice1.dir\Debug\practice1.lastbuildstate".
     1>Done Building Project "C:\Temp\practice1\practice1-devtools\src\practice1.vcxproj" (rebuild target(s)).

Build succeeded.

Time Elapsed 00:00:02.35
