C:\TEMP\PRACTICE1\PRACTICE1-DEVTOOLS\BIN\MATRIX_SAMPLE.PDB
C:\TEMP\PRACTICE1\PRACTICE1-DEVTOOLS\SAMPLES\CMAKEFILES\GENERATE.STAMP
C:\Temp\practice1\practice1-devtools\samples\matrix_sample.dir\Debug\cl.command.1.tlog
C:\Temp\practice1\practice1-devtools\samples\matrix_sample.dir\Debug\CL.read.1.tlog
C:\Temp\practice1\practice1-devtools\samples\matrix_sample.dir\Debug\CL.write.1.tlog
C:\Temp\practice1\practice1-devtools\samples\matrix_sample.dir\Debug\custombuild.command.1.tlog
C:\Temp\practice1\practice1-devtools\samples\matrix_sample.dir\Debug\custombuild.read.1.tlog
C:\Temp\practice1\practice1-devtools\samples\matrix_sample.dir\Debug\custombuild.write.1.tlog
C:\Temp\practice1\practice1-devtools\samples\matrix_sample.dir\Debug\link.command.1.tlog
C:\Temp\practice1\practice1-devtools\samples\matrix_sample.dir\Debug\link.read.1.tlog
C:\Temp\practice1\practice1-devtools\samples\matrix_sample.dir\Debug\link.write.1.tlog
C:\Temp\practice1\practice1-devtools\samples\matrix_sample.dir\Debug\link-cvtres.read.1.tlog
C:\Temp\practice1\practice1-devtools\samples\matrix_sample.dir\Debug\link-cvtres.write.1.tlog
C:\Temp\practice1\practice1-devtools\samples\matrix_sample.dir\Debug\matrix_sample.exe.embed.manifest
C:\TEMP\PRACTICE1\PRACTICE1-DEVTOOLS\SAMPLES\MATRIX_SAMPLE.DIR\DEBUG\MATRIX_SAMPLE.EXE.EMBED.MANIFEST.RES
C:\Temp\practice1\practice1-devtools\samples\matrix_sample.dir\Debug\matrix_sample.exe.intermediate.manifest
C:\TEMP\PRACTICE1\PRACTICE1-DEVTOOLS\SAMPLES\MATRIX_SAMPLE.DIR\DEBUG\MATRIX_SAMPLE.OBJ
C:\Temp\practice1\practice1-devtools\samples\matrix_sample.dir\Debug\matrix_sample.write.1.tlog
C:\Temp\practice1\practice1-devtools\samples\matrix_sample.dir\Debug\matrix_sample_manifest.rc
C:\Temp\practice1\practice1-devtools\samples\matrix_sample.dir\Debug\rc.command.1.tlog
C:\Temp\practice1\practice1-devtools\samples\matrix_sample.dir\Debug\rc.read.1.tlog
C:\Temp\practice1\practice1-devtools\samples\matrix_sample.dir\Debug\rc.write.1.tlog
